This file contains any messages produced by compilers while
running configure, to aid debugging if configure makes a mistake.

It was created by apertium-sah configure 0.1.0, which was
generated by GNU Autoconf 2.69.  Invocation command line was

  $ ./configure 

## --------- ##
## Platform. ##
## --------- ##

hostname = MacBook-Air-User.local
uname -m = x86_64
uname -r = 15.6.0
uname -s = Darwin
uname -v = Darwin Kernel Version 15.6.0: Mon Aug 29 20:21:34 PDT 2016; root:xnu-3248.60.11~1/RELEASE_X86_64

/usr/bin/uname -p = i386
/bin/uname -X     = unknown

/bin/arch              = unknown
/usr/bin/arch -k       = unknown
/usr/convex/getsysinfo = unknown
/usr/bin/hostinfo      = Mach kernel version:
	 Darwin Kernel Version 15.6.0: Mon Aug 29 20:21:34 PDT 2016; root:xnu-3248.60.11~1/RELEASE_X86_64
Kernel configured for up to 2 processors.
2 processors are physically available.
2 processors are logically available.
Processor type: i486 (Intel 80486)
Processors active: 0 1
Primary memory available: 2.00 gigabytes
Default processor set: 253 tasks, 1262 threads, 2 processors
Load average: 3.43, Mach factor: 0.47
/bin/machine           = unknown
/usr/bin/oslevel       = unknown
/bin/universe          = unknown

PATH: /Library/Frameworks/Python.framework/Versions/3.5/bin
PATH: /opt/local/bin
PATH: /opt/local/sbin
PATH: /Library/Frameworks/Python.framework/Versions/3.4/bin
PATH: /usr/local/Cellar/python/2.7.9/bin
PATH: /usr/local/bin
PATH: /Library/Frameworks/Python.framework/Versions/3.4/bin
PATH: /Library/Frameworks/Python.framework/Versions/3.4/bin
PATH: /usr/bin
PATH: /bin
PATH: /usr/sbin
PATH: /sbin
PATH: /usr/local/bin
PATH: /Library/TeX/texbin
PATH: /usr/local/bin


## ----------- ##
## Core tests. ##
## ----------- ##

configure:1792: checking for a BSD-compatible install
configure:1860: result: /usr/bin/install -c
configure:1871: checking whether build environment is sane
configure:1926: result: yes
configure:2077: checking for a thread-safe mkdir -p
configure:2116: result: ./install-sh -c -d
configure:2123: checking for gawk
configure:2139: found /opt/local/bin/gawk
configure:2150: result: gawk
configure:2161: checking whether make sets $(MAKE)
configure:2183: result: yes
configure:2212: checking whether make supports nested variables
configure:2229: result: yes
configure:2347: checking whether ln -s works
configure:2351: result: yes
configure:2362: checking for gawk
configure:2389: result: gawk
configure:2463: checking for pkg-config
configure:2481: found /opt/local/bin/pkg-config
configure:2493: result: /opt/local/bin/pkg-config
configure:2518: checking pkg-config is at least version 0.9.0
configure:2521: result: yes
configure:2640: checking for APERTIUM
configure:2647: $PKG_CONFIG --exists --print-errors "apertium >= 3.3.0"
configure:2650: $? = 0
configure:2664: $PKG_CONFIG --exists --print-errors "apertium >= 3.3.0"
configure:2667: $? = 0
configure:2725: result: yes
configure:2732: checking for hfst-lexc
configure:2750: found /usr/local/bin/hfst-lexc
configure:2763: result: /usr/local/bin/hfst-lexc
configure:2782: checking for hfst-twolc
configure:2800: found /usr/local/bin/hfst-twolc
configure:2813: result: /usr/local/bin/hfst-twolc
configure:2832: checking for cg-comp
configure:2850: found /usr/local/bin/cg-comp
configure:2863: result: /usr/local/bin/cg-comp
configure:3093: checking that generated files are newer than configure
configure:3099: result: done
configure:3111: creating ./config.status

## ---------------------- ##
## Running config.status. ##
## ---------------------- ##

This file was extended by apertium-sah config.status 0.1.0, which was
generated by GNU Autoconf 2.69.  Invocation command line was

  CONFIG_FILES    = 
  CONFIG_HEADERS  = 
  CONFIG_LINKS    = 
  CONFIG_COMMANDS = 
  $ ./config.status 

on MacBook-Air-User.local

config.status:783: creating Makefile
config.status:783: creating apertium-sah.pc

## ---------------- ##
## Cache variables. ##
## ---------------- ##

ac_cv_env_APERTIUM_CFLAGS_set=
ac_cv_env_APERTIUM_CFLAGS_value=
ac_cv_env_APERTIUM_LIBS_set=
ac_cv_env_APERTIUM_LIBS_value=
ac_cv_env_HFSTOSPELL_CFLAGS_set=
ac_cv_env_HFSTOSPELL_CFLAGS_value=
ac_cv_env_HFSTOSPELL_LIBS_set=
ac_cv_env_HFSTOSPELL_LIBS_value=
ac_cv_env_PKG_CONFIG_LIBDIR_set=
ac_cv_env_PKG_CONFIG_LIBDIR_value=
ac_cv_env_PKG_CONFIG_PATH_set=set
ac_cv_env_PKG_CONFIG_PATH_value=:/usr/local/share/pkgconfig:/usr/local/lib/pkgconfig
ac_cv_env_PKG_CONFIG_set=
ac_cv_env_PKG_CONFIG_value=
ac_cv_env_build_alias_set=
ac_cv_env_build_alias_value=
ac_cv_env_host_alias_set=
ac_cv_env_host_alias_value=
ac_cv_env_target_alias_set=
ac_cv_env_target_alias_value=
ac_cv_path_CGCOMP=/usr/local/bin/cg-comp
ac_cv_path_HFSTLEXC=/usr/local/bin/hfst-lexc
ac_cv_path_HFSTTWOL=/usr/local/bin/hfst-twolc
ac_cv_path_ac_pt_PKG_CONFIG=/opt/local/bin/pkg-config
ac_cv_path_install='/usr/bin/install -c'
ac_cv_prog_AWK=gawk
ac_cv_prog_make_make_set=yes
am_cv_make_support_nested_variables=yes
pkg_cv_APERTIUM_CFLAGS='-I/usr/local/include/apertium-3.4 -I/usr/local/lib/apertium-3.4/include -I/usr/local/include/lttoolbox-3.3 -I/usr/local/lib/lttoolbox-3.3/include -I/opt/local/include/libxml2 -I/opt/local/include'
pkg_cv_APERTIUM_LIBS='-L/usr/local/lib -L/opt/local/lib -lapertium3 -llttoolbox3 -lxml2 -lpcre'

## ----------------- ##
## Output variables. ##
## ----------------- ##

ACLOCAL='${SHELL} /Users/varie/Documents/apertium/apertium-sah/missing aclocal-1.15'
AMTAR='$${TAR-tar}'
AM_BACKSLASH='\'
AM_DEFAULT_V='$(AM_DEFAULT_VERBOSITY)'
AM_DEFAULT_VERBOSITY='1'
AM_V='$(V)'
APERTIUM_CFLAGS='-I/usr/local/include/apertium-3.4 -I/usr/local/lib/apertium-3.4/include -I/usr/local/include/lttoolbox-3.3 -I/usr/local/lib/lttoolbox-3.3/include -I/opt/local/include/libxml2 -I/opt/local/include'
APERTIUM_LIBS='-L/usr/local/lib -L/opt/local/lib -lapertium3 -llttoolbox3 -lxml2 -lpcre'
AUTOCONF='${SHELL} /Users/varie/Documents/apertium/apertium-sah/missing autoconf'
AUTOHEADER='${SHELL} /Users/varie/Documents/apertium/apertium-sah/missing autoheader'
AUTOMAKE='${SHELL} /Users/varie/Documents/apertium/apertium-sah/missing automake-1.15'
AWK='gawk'
CGCOMP='/usr/local/bin/cg-comp'
CYGPATH_W='echo'
DEFS='-DPACKAGE_NAME=\"apertium-sah\" -DPACKAGE_TARNAME=\"apertium-sah\" -DPACKAGE_VERSION=\"0.1.0\" -DPACKAGE_STRING=\"apertium-sah\ 0.1.0\" -DPACKAGE_BUGREPORT=\"francis.tyers@uit.no\" -DPACKAGE_URL=\"\"'
ECHO_C='\c'
ECHO_N=''
ECHO_T=''
HAVE_HFSTOSPELL_FALSE=''
HAVE_HFSTOSPELL_TRUE='#'
HFSTLEXC='/usr/local/bin/hfst-lexc'
HFSTOSPELL_CFLAGS=''
HFSTOSPELL_LIBS=''
HFSTTWOL='/usr/local/bin/hfst-twolc'
INSTALL_DATA='${INSTALL} -m 644'
INSTALL_PROGRAM='${INSTALL}'
INSTALL_SCRIPT='${INSTALL}'
INSTALL_STRIP_PROGRAM='$(install_sh) -c -s'
LIBOBJS=''
LIBS=''
LN_S='ln -s'
LTLIBOBJS=''
MAKEINFO='${SHELL} /Users/varie/Documents/apertium/apertium-sah/missing makeinfo'
MKDIR_P='./install-sh -c -d'
PACKAGE='apertium-sah'
PACKAGE_BUGREPORT='francis.tyers@uit.no'
PACKAGE_NAME='apertium-sah'
PACKAGE_STRING='apertium-sah 0.1.0'
PACKAGE_TARNAME='apertium-sah'
PACKAGE_URL=''
PACKAGE_VERSION='0.1.0'
PATH_SEPARATOR=':'
PKG_CONFIG='/opt/local/bin/pkg-config'
PKG_CONFIG_LIBDIR=''
PKG_CONFIG_PATH=':/usr/local/share/pkgconfig:/usr/local/lib/pkgconfig'
SET_MAKE=''
SHELL='/bin/sh'
STRIP=''
VERSION='0.1.0'
am__isrc=''
am__leading_dot='.'
am__tar='$${TAR-tar} chof - "$$tardir"'
am__untar='$${TAR-tar} xf -'
bindir='${exec_prefix}/bin'
build_alias=''
datadir='${datarootdir}'
datarootdir='${prefix}/share'
docdir='${datarootdir}/doc/${PACKAGE_TARNAME}'
dvidir='${docdir}'
exec_prefix='${prefix}'
host_alias=''
htmldir='${docdir}'
includedir='${prefix}/include'
infodir='${datarootdir}/info'
install_sh='${SHELL} /Users/varie/Documents/apertium/apertium-sah/install-sh'
libdir='${exec_prefix}/lib'
libexecdir='${exec_prefix}/libexec'
localedir='${datarootdir}/locale'
localstatedir='${prefix}/var'
mandir='${datarootdir}/man'
mkdir_p='$(MKDIR_P)'
oldincludedir='/usr/include'
pdfdir='${docdir}'
prefix='/usr/local'
program_transform_name='s,x,x,'
psdir='${docdir}'
sbindir='${exec_prefix}/sbin'
sharedstatedir='${prefix}/com'
sysconfdir='${prefix}/etc'
target_alias=''

## ------------------- ##
## File substitutions. ##
## ------------------- ##

ap_include='./ap_include.am'

## ----------- ##
## confdefs.h. ##
## ----------- ##

/* confdefs.h */
#define PACKAGE_NAME "apertium-sah"
#define PACKAGE_TARNAME "apertium-sah"
#define PACKAGE_VERSION "0.1.0"
#define PACKAGE_STRING "apertium-sah 0.1.0"
#define PACKAGE_BUGREPORT "francis.tyers@uit.no"
#define PACKAGE_URL ""

configure: exit 0
